Started by user [8mha:////4L+noxC24vLOEmp/5R3lZ6qf7H+Xipv7LZhL2+qdXpRvAAAAlx+LCAAAAAAAAP9b85aBtbiIQTGjNKU4P08vOT+vOD8nVc83PyU1x6OyILUoJzMv2y+/JJUBAhiZGBgqihhk0NSjKDWzXb3RdlLBUSYGJk8GtpzUvPSSDB8G5tKinBIGIZ+sxLJE/ZzEvHT94JKizLx0a6BxUmjGOUNodHsLgAzuEgZu/dLi1CL9xJTczDwA+rnvwMAAAAA=[0mNastia Kvas
[Mon Jul 15 12:33:40 UTC 2019] Starting branch indexing...
[8mha:////4O6uwh/N1cbXpQzfVbTlrCxvci1sz/EJHTfGH8ThM5cUAAAAhR+LCAAAAAAAAP9b85aBtbiIwSa/KF0vKzUvOzOvODlTryCnNB3I0kvPLMkoTYpPKkrMS86IL84vLUpO1XPPLPEoTXLOzyvOz0n1yy9JZYAARiYGRi8GzpLM3NTiksTcgooiBqmM0pTi/Dy9ZIhiPayaGCoKgHT21/mXPwIA3SiR6I4AAAA=[0mConnecting to https://api.github.com using admin/****** (GitHub Access Token)
Examining [8mha:////4Lnrd6cDEiayWMnppRxGOmgBOkTIoc+iM/lYdMDhWcKtAAAAqR+LCAAAAAAAAP9b85aBtbiIQSajNKU4P08vOT+vOD8nVc+jsiC1KCczL9svvyTVzHb1RttJBUeZGJg8GdhyUvPSSzJ8GJhLi3JKGIR8shLLEvVzEvPS9YNLijLz0q0rihik0IxzhtAgwxgggJGJgaGiAMiQLGHQySgpKSi20tdPzyzJKE0C6srVj8rPyS/JLwOSxdmJ+iVFiZl5QLN1kzMBgsblnbEAAAA=[0mZolotovoloska/training-ci

  Checking branches...

  Getting remote branches...

    Checking branch [8mha:////4DCs96x/gl3uL9NoQtk0iw6JK0CKoxkTRWjiWL1zIHGXAAAAsh+LCAAAAAAAAP9djLENwjAURD9BZABKxArEHUKgVDQgRTR0dCZYtonjb9nfUViDNaBhCMZhB4zSccXda+49PzAJHuYqXgLaokYb0Ihid3PCG22bA5JYlo9XeXfvDLI95EZYSaqCcfSGYFpdeceZ4VayI3lt5ab3MPvTbYf9yWDIKAPoXYKcYKWIXFgzJjWpeE6vlp3QIGGXOjSckefaJvei1omFYC0PJPwX79LTeL0AAAA=[0mmaster
      ‘Jenkinsfile’ not found
    Does not meet criteria

    Checking branch [8mha:////4DyvrgsfQjPU/zlJs103TdREtL7IArLY+fhG8ZaC4YpzAAAAsx+LCAAAAAAAAP9djLENwjAURD9BQE+JWIG4QwKUigakiIaOzgTLdmK+Lfs7CmuwBjQMwTjsgFE6rrh7zb3nB0bBw1zFS7CYVxaDNSLf3ZzwRmNzsCSWxeNV3N07g2wPYyNQkiphGL0hmJY1bzkzHCU7ktcoN52H2Z9u2+9PBn0GGUDnEkwIVorIhTVjUpOK5/S6spM1lmybOjSckecak3tR6cRCsFpgozF8AcdtmD2+AAAA[0mjenkins
      ‘Jenkinsfile’ found
    Met criteria
Changes detected: jenkins (0325eedaf77085e4212fe361f7f5c147cf7865c0 → bb26d5245aaf8b7f94cf978640082d80b90e2b50)
Scheduled build for branch: jenkins

  2 branches were processed

  Checking pull-requests...

  Getting remote pull requests...

  0 pull requests were processed

Finished examining Zolotovoloska/training-ci

[Mon Jul 15 12:33:42 UTC 2019] Finished branch indexing. Indexing took 1.8 sec
Finished: SUCCESS
